<?xml version="1.0" encoding="UTF-8"?>
<!-- Generated by org.testng.reporters.JUnitReportReporter -->
<testsuite hostname="DESKTOP-VLKFA8F" failures="0" tests="1" name="ExtentReport.Profram" time="15.700" errors="0" timestamp="2023-12-23T14:35:59 IST" skipped="0">
  <testcase classname="ExtentReport.Profram" name="report" time="15.700"/>
  <system-out/>
</testsuite> <!-- ExtentReport.Profram -->
