<?xml version="1.0" encoding="UTF-8"?>
<!-- Generated by org.testng.reporters.JUnitReportReporter -->
<testsuite hostname="DESKTOP-VLKFA8F" failures="0" tests="1" name="completeTesting.project.SampleTest" time="2.324" errors="0" timestamp="2023-12-20T14:46:57 IST" skipped="0">
  <testcase classname="completeTesting.project.SampleTest" name="testCase" time="2.324"/>
  <system-out>
    <![CDATA[opened flipcart application]]>
  </system-out>
</testsuite> <!-- completeTesting.project.SampleTest -->
