<?xml version="1.0" encoding="UTF-8"?>
<!-- Generated by org.testng.reporters.JUnitReportReporter -->
<testsuite hostname="DESKTOP-VLKFA8F" failures="0" tests="1" name="completeTesting.project.SampTest" time="6.193" errors="0" timestamp="2023-12-20T15:57:07 IST" skipped="0">
  <testcase classname="completeTesting.project.SampTest" name="testCase2" time="6.193"/>
  <system-out>
    <![CDATA[opened Amazon application]]>
  </system-out>
</testsuite> <!-- completeTesting.project.SampTest -->
