<?xml version="1.0" encoding="UTF-8"?>
<!-- Generated by org.testng.reporters.JUnitReportReporter -->
<testsuite hostname="DESKTOP-VLKFA8F" failures="0" tests="1" name="completeTesting.project.SampleTest2" time="2.814" errors="0" timestamp="2023-12-20T14:46:57 IST" skipped="0">
  <testcase classname="completeTesting.project.SampleTest2" name="testCase2" time="2.814"/>
  <system-out>
    <![CDATA[opened Amazon application]]>
  </system-out>
</testsuite> <!-- completeTesting.project.SampleTest2 -->
